2016/08/10 23:32:50 [error] [exception.CHttpException.404] exception 'CHttpException' with message 'Unable to resolve the request "gii".' in /var/www/html/yii/framework/web/CWebApplication.php:286
Stack trace:
#0 /var/www/html/yii/framework/web/CWebApplication.php(141): CWebApplication->runController('gii')
#1 /var/www/html/yii/framework/base/CApplication.php(169): CWebApplication->processRequest()
#2 /var/www/html/social/index.php(13): CApplication->run()
#3 {main}
REQUEST_URI=/social/index.php?r=gii
---
2016/08/10 23:48:52 [error] [exception.CException] exception 'CException' with message 'Property "User.password" is not defined.' in /var/www/html/yii/framework/base/CComponent.php:130
Stack trace:
#0 /var/www/html/yii/framework/db/ar/CActiveRecord.php(143): CComponent->__get('password')
#1 /var/www/html/social/protected/components/UserIdentity.php(27): CActiveRecord->__get('password')
#2 /var/www/html/social/protected/models/LoginForm.php(52): UserIdentity->authenticate()
#3 /var/www/html/yii/framework/validators/CInlineValidator.php(42): LoginForm->authenticate('password', Array)
#4 /var/www/html/yii/framework/validators/CValidator.php(213): CInlineValidator->validateAttribute(Object(LoginForm), 'password')
#5 /var/www/html/yii/framework/base/CModel.php(159): CValidator->validate(Object(LoginForm), NULL)
#6 /var/www/html/social/protected/controllers/SiteController.php(102): CModel->validate()
#7 /var/www/html/yii/framework/web/actions/CInlineAction.php(49): SiteController->actionLogin()
#8 /var/www/html/yii/framework/web/CController.php(308): CInlineAction->runWithParams(Array)
#9 /var/www/html/yii/framework/web/CController.php(286): CController->runAction(Object(CInlineAction))
#10 /var/www/html/yii/framework/web/CController.php(265): CController->runActionWithFilters(Object(CInlineAction), Array)
#11 /var/www/html/yii/framework/web/CWebApplication.php(282): CController->run('login')
#12 /var/www/html/yii/framework/web/CWebApplication.php(141): CWebApplication->runController('site/login')
#13 /var/www/html/yii/framework/base/CApplication.php(169): CWebApplication->processRequest()
#14 /var/www/html/social/index.php(13): CApplication->run()
#15 {main}
REQUEST_URI=/social/index.php?r=site/login
HTTP_REFERER=http://localhost/social/index.php?r=site/login
---
2016/08/10 23:53:34 [error] [exception.CException] exception 'CException' with message 'Property "User.password" is not defined.' in /var/www/html/yii/framework/base/CComponent.php:130
Stack trace:
#0 /var/www/html/yii/framework/db/ar/CActiveRecord.php(143): CComponent->__get('password')
#1 /var/www/html/social/protected/components/UserIdentity.php(27): CActiveRecord->__get('password')
#2 /var/www/html/social/protected/models/LoginForm.php(52): UserIdentity->authenticate()
#3 /var/www/html/yii/framework/validators/CInlineValidator.php(42): LoginForm->authenticate('password', Array)
#4 /var/www/html/yii/framework/validators/CValidator.php(213): CInlineValidator->validateAttribute(Object(LoginForm), 'password')
#5 /var/www/html/yii/framework/base/CModel.php(159): CValidator->validate(Object(LoginForm), NULL)
#6 /var/www/html/social/protected/controllers/SiteController.php(102): CModel->validate()
#7 /var/www/html/yii/framework/web/actions/CInlineAction.php(49): SiteController->actionLogin()
#8 /var/www/html/yii/framework/web/CController.php(308): CInlineAction->runWithParams(Array)
#9 /var/www/html/yii/framework/web/CController.php(286): CController->runAction(Object(CInlineAction))
#10 /var/www/html/yii/framework/web/CController.php(265): CController->runActionWithFilters(Object(CInlineAction), Array)
#11 /var/www/html/yii/framework/web/CWebApplication.php(282): CController->run('login')
#12 /var/www/html/yii/framework/web/CWebApplication.php(141): CWebApplication->runController('site/login')
#13 /var/www/html/yii/framework/base/CApplication.php(169): CWebApplication->processRequest()
#14 /var/www/html/social/index.php(13): CApplication->run()
#15 {main}
REQUEST_URI=/social/index.php?r=site/login
HTTP_REFERER=http://localhost/social/index.php?r=site/login
---
2016/08/10 23:55:26 [error] [exception.CException] exception 'CException' with message 'Property "User.password" is not defined.' in /var/www/html/yii/framework/base/CComponent.php:130
Stack trace:
#0 /var/www/html/yii/framework/db/ar/CActiveRecord.php(143): CComponent->__get('password')
#1 /var/www/html/social/protected/components/UserIdentity.php(27): CActiveRecord->__get('password')
#2 /var/www/html/social/protected/models/LoginForm.php(52): UserIdentity->authenticate()
#3 /var/www/html/yii/framework/validators/CInlineValidator.php(42): LoginForm->authenticate('password', Array)
#4 /var/www/html/yii/framework/validators/CValidator.php(213): CInlineValidator->validateAttribute(Object(LoginForm), 'password')
#5 /var/www/html/yii/framework/base/CModel.php(159): CValidator->validate(Object(LoginForm), NULL)
#6 /var/www/html/social/protected/controllers/SiteController.php(102): CModel->validate()
#7 /var/www/html/yii/framework/web/actions/CInlineAction.php(49): SiteController->actionLogin()
#8 /var/www/html/yii/framework/web/CController.php(308): CInlineAction->runWithParams(Array)
#9 /var/www/html/yii/framework/web/CController.php(286): CController->runAction(Object(CInlineAction))
#10 /var/www/html/yii/framework/web/CController.php(265): CController->runActionWithFilters(Object(CInlineAction), Array)
#11 /var/www/html/yii/framework/web/CWebApplication.php(282): CController->run('login')
#12 /var/www/html/yii/framework/web/CWebApplication.php(141): CWebApplication->runController('site/login')
#13 /var/www/html/yii/framework/base/CApplication.php(169): CWebApplication->processRequest()
#14 /var/www/html/social/index.php(13): CApplication->run()
#15 {main}
REQUEST_URI=/social/index.php?r=site/login
HTTP_REFERER=http://localhost/social/index.php?r=site/login
---
2016/08/10 23:58:35 [error] [exception.CException] exception 'CException' with message 'Property "User.email" is not defined.' in /var/www/html/yii/framework/base/CComponent.php:130
Stack trace:
#0 /var/www/html/yii/framework/db/ar/CActiveRecord.php(143): CComponent->__get('email')
#1 /var/www/html/yii/framework/web/helpers/CHtml.php(2255): CActiveRecord->__get('email')
#2 /var/www/html/yii/framework/web/helpers/CHtml.php(1980): CHtml::resolveValue(Object(User), 'email')
#3 /var/www/html/yii/framework/web/helpers/CHtml.php(1257): CHtml::activeInputField('text', Object(User), 'email', Array)
#4 /var/www/html/yii/framework/web/widgets/CActiveForm.php(657): CHtml::activeTextField(Object(User), 'email', Array)
#5 /var/www/html/social/protected/views/user/_form.php(32): CActiveForm->textField(Object(User), 'email', Array)
#6 /var/www/html/yii/framework/web/CBaseController.php(126): require('/var/www/html/s...')
#7 /var/www/html/yii/framework/web/CBaseController.php(95): CBaseController->renderInternal('/var/www/html/s...', Array, true)
#8 /var/www/html/yii/framework/web/CController.php(869): CBaseController->renderFile('/var/www/html/s...', Array, true)
#9 /var/www/html/social/protected/views/user/create.php(18): CController->renderPartial('_form', Array)
#10 /var/www/html/yii/framework/web/CBaseController.php(126): require('/var/www/html/s...')
#11 /var/www/html/yii/framework/web/CBaseController.php(95): CBaseController->renderInternal('/var/www/html/s...', Array, true)
#12 /var/www/html/yii/framework/web/CController.php(869): CBaseController->renderFile('/var/www/html/s...', Array, true)
#13 /var/www/html/yii/framework/web/CController.php(782): CController->renderPartial('create', Array, true)
#14 /var/www/html/social/protected/controllers/UserController.php(79): CController->render('create', Array)
#15 /var/www/html/yii/framework/web/actions/CInlineAction.php(49): UserController->actionCreate()
#16 /var/www/html/yii/framework/web/CController.php(308): CInlineAction->runWithParams(Array)
#17 /var/www/html/yii/framework/web/filters/CFilterChain.php(133): CController->runAction(Object(CInlineAction))
#18 /var/www/html/yii/framework/web/filters/CFilter.php(40): CFilterChain->run()
#19 /var/www/html/yii/framework/web/CController.php(1145): CFilter->filter(Object(CFilterChain))
#20 /var/www/html/yii/framework/web/filters/CInlineFilter.php(58): CController->filterAccessControl(Object(CFilterChain))
#21 /var/www/html/yii/framework/web/filters/CFilterChain.php(130): CInlineFilter->filter(Object(CFilterChain))
#22 /var/www/html/yii/framework/web/CController.php(291): CFilterChain->run()
#23 /var/www/html/yii/framework/web/CController.php(265): CController->runActionWithFilters(Object(CInlineAction), Array)
#24 /var/www/html/yii/framework/web/CWebApplication.php(282): CController->run('create')
#25 /var/www/html/yii/framework/web/CWebApplication.php(141): CWebApplication->runController('user/create')
#26 /var/www/html/yii/framework/base/CApplication.php(169): CWebApplication->processRequest()
#27 /var/www/html/social/index.php(13): CApplication->run()
#28 {main}
REQUEST_URI=/social/index.php?r=user/create
HTTP_REFERER=http://localhost/social/index.php?r=site/login
---
2016/08/10 23:59:26 [error] [exception.CException] exception 'CException' with message 'Property "User.passowrd" is not defined.' in /var/www/html/yii/framework/base/CComponent.php:130
Stack trace:
#0 /var/www/html/yii/framework/db/ar/CActiveRecord.php(143): CComponent->__get('passowrd')
#1 /var/www/html/yii/framework/web/helpers/CHtml.php(2255): CActiveRecord->__get('passowrd')
#2 /var/www/html/yii/framework/web/helpers/CHtml.php(1980): CHtml::resolveValue(Object(User), 'passowrd')
#3 /var/www/html/yii/framework/web/helpers/CHtml.php(1257): CHtml::activeInputField('text', Object(User), 'passowrd', Array)
#4 /var/www/html/yii/framework/web/widgets/CActiveForm.php(657): CHtml::activeTextField(Object(User), 'passowrd', Array)
#5 /var/www/html/social/protected/views/user/_form.php(38): CActiveForm->textField(Object(User), 'passowrd', Array)
#6 /var/www/html/yii/framework/web/CBaseController.php(126): require('/var/www/html/s...')
#7 /var/www/html/yii/framework/web/CBaseController.php(95): CBaseController->renderInternal('/var/www/html/s...', Array, true)
#8 /var/www/html/yii/framework/web/CController.php(869): CBaseController->renderFile('/var/www/html/s...', Array, true)
#9 /var/www/html/social/protected/views/user/create.php(18): CController->renderPartial('_form', Array)
#10 /var/www/html/yii/framework/web/CBaseController.php(126): require('/var/www/html/s...')
#11 /var/www/html/yii/framework/web/CBaseController.php(95): CBaseController->renderInternal('/var/www/html/s...', Array, true)
#12 /var/www/html/yii/framework/web/CController.php(869): CBaseController->renderFile('/var/www/html/s...', Array, true)
#13 /var/www/html/yii/framework/web/CController.php(782): CController->renderPartial('create', Array, true)
#14 /var/www/html/social/protected/controllers/UserController.php(79): CController->render('create', Array)
#15 /var/www/html/yii/framework/web/actions/CInlineAction.php(49): UserController->actionCreate()
#16 /var/www/html/yii/framework/web/CController.php(308): CInlineAction->runWithParams(Array)
#17 /var/www/html/yii/framework/web/filters/CFilterChain.php(133): CController->runAction(Object(CInlineAction))
#18 /var/www/html/yii/framework/web/filters/CFilter.php(40): CFilterChain->run()
#19 /var/www/html/yii/framework/web/CController.php(1145): CFilter->filter(Object(CFilterChain))
#20 /var/www/html/yii/framework/web/filters/CInlineFilter.php(58): CController->filterAccessControl(Object(CFilterChain))
#21 /var/www/html/yii/framework/web/filters/CFilterChain.php(130): CInlineFilter->filter(Object(CFilterChain))
#22 /var/www/html/yii/framework/web/CController.php(291): CFilterChain->run()
#23 /var/www/html/yii/framework/web/CController.php(265): CController->runActionWithFilters(Object(CInlineAction), Array)
#24 /var/www/html/yii/framework/web/CWebApplication.php(282): CController->run('create')
#25 /var/www/html/yii/framework/web/CWebApplication.php(141): CWebApplication->runController('user/create')
#26 /var/www/html/yii/framework/base/CApplication.php(169): CWebApplication->processRequest()
#27 /var/www/html/social/index.php(13): CApplication->run()
#28 {main}
REQUEST_URI=/social/index.php?r=user/create
HTTP_REFERER=http://localhost/social/index.php?r=site/login
---
2016/08/11 09:16:24 [error] [exception.CHttpException.403] exception 'CHttpException' with message 'You are not authorized to perform this action.' in /var/www/html/yii/framework/web/auth/CAccessControlFilter.php:179
Stack trace:
#0 /var/www/html/yii/framework/web/auth/CAccessControlFilter.php(142): CAccessControlFilter->accessDenied(Object(CWebUser), 'You are not aut...')
#1 /var/www/html/yii/framework/web/filters/CFilter.php(38): CAccessControlFilter->preFilter(Object(CFilterChain))
#2 /var/www/html/yii/framework/web/CController.php(1145): CFilter->filter(Object(CFilterChain))
#3 /var/www/html/yii/framework/web/filters/CInlineFilter.php(58): CController->filterAccessControl(Object(CFilterChain))
#4 /var/www/html/yii/framework/web/filters/CFilterChain.php(130): CInlineFilter->filter(Object(CFilterChain))
#5 /var/www/html/yii/framework/web/CController.php(291): CFilterChain->run()
#6 /var/www/html/yii/framework/web/CController.php(265): CController->runActionWithFilters(Object(CInlineAction), Array)
#7 /var/www/html/yii/framework/web/CWebApplication.php(282): CController->run('admin')
#8 /var/www/html/yii/framework/web/CWebApplication.php(141): CWebApplication->runController('account/admin')
#9 /var/www/html/yii/framework/base/CApplication.php(169): CWebApplication->processRequest()
#10 /var/www/html/social/index.php(13): CApplication->run()
#11 {main}
REQUEST_URI=/social/index.php?r=account/admin
HTTP_REFERER=http://localhost/social/index.php?r=account/create
---
2016/08/11 13:14:37 [error] [exception.CException] exception 'CException' with message 'CActiveForm and its behaviors do not have a method or closure named "passwordtField".' in /var/www/html/yii/framework/base/CComponent.php:265
Stack trace:
#0 /var/www/html/social/protected/views/site/login.php(37): CComponent->__call('passwordtField', Array)
#1 /var/www/html/social/protected/views/site/login.php(37): CActiveForm->passwordtField(Object(LoginForm), 'passowrd', Array)
#2 /var/www/html/yii/framework/web/CBaseController.php(126): require('/var/www/html/s...')
#3 /var/www/html/yii/framework/web/CBaseController.php(95): CBaseController->renderInternal('/var/www/html/s...', Array, true)
#4 /var/www/html/yii/framework/web/CController.php(869): CBaseController->renderFile('/var/www/html/s...', Array, true)
#5 /var/www/html/yii/framework/web/CController.php(782): CController->renderPartial('login', Array, true)
#6 /var/www/html/social/protected/controllers/SiteController.php(106): CController->render('login', Array)
#7 /var/www/html/yii/framework/web/actions/CInlineAction.php(49): SiteController->actionLogin()
#8 /var/www/html/yii/framework/web/CController.php(308): CInlineAction->runWithParams(Array)
#9 /var/www/html/yii/framework/web/CController.php(286): CController->runAction(Object(CInlineAction))
#10 /var/www/html/yii/framework/web/CController.php(265): CController->runActionWithFilters(Object(CInlineAction), Array)
#11 /var/www/html/yii/framework/web/CWebApplication.php(282): CController->run('login')
#12 /var/www/html/yii/framework/web/CWebApplication.php(141): CWebApplication->runController('site/login')
#13 /var/www/html/yii/framework/base/CApplication.php(169): CWebApplication->processRequest()
#14 /var/www/html/social/index.php(13): CApplication->run()
#15 {main}
REQUEST_URI=/social/index.php?r=site/login
---
2016/08/11 13:15:24 [error] [php] Object of class CActiveForm could not be converted to string (/var/www/html/social/protected/views/site/login.php:37)
Stack trace:
#0 /var/www/html/yii/framework/web/CController.php(869): SiteController->renderFile()
#1 /var/www/html/yii/framework/web/CController.php(782): SiteController->renderPartial()
#2 /var/www/html/social/protected/controllers/SiteController.php(106): SiteController->render()
#3 /var/www/html/yii/framework/web/actions/CInlineAction.php(49): SiteController->actionLogin()
#4 /var/www/html/yii/framework/web/CController.php(308): CInlineAction->runWithParams()
#5 /var/www/html/yii/framework/web/CController.php(286): SiteController->runAction()
#6 /var/www/html/yii/framework/web/CController.php(265): SiteController->runActionWithFilters()
#7 /var/www/html/yii/framework/web/CWebApplication.php(282): SiteController->run()
#8 /var/www/html/yii/framework/web/CWebApplication.php(141): CWebApplication->runController()
#9 /var/www/html/yii/framework/base/CApplication.php(169): CWebApplication->processRequest()
#10 /var/www/html/social/index.php(13): CWebApplication->run()
REQUEST_URI=/social/index.php?r=site/login
in /var/www/html/social/protected/views/site/login.php (37)
in /var/www/html/social/protected/controllers/SiteController.php (106)
in /var/www/html/social/index.php (13)
2016/08/11 13:15:43 [error] [php] Object of class CActiveForm could not be converted to string (/var/www/html/social/protected/views/site/login.php:37)
Stack trace:
#0 /var/www/html/yii/framework/web/CController.php(869): SiteController->renderFile()
#1 /var/www/html/yii/framework/web/CController.php(782): SiteController->renderPartial()
#2 /var/www/html/social/protected/controllers/SiteController.php(106): SiteController->render()
#3 /var/www/html/yii/framework/web/actions/CInlineAction.php(49): SiteController->actionLogin()
#4 /var/www/html/yii/framework/web/CController.php(308): CInlineAction->runWithParams()
#5 /var/www/html/yii/framework/web/CController.php(286): SiteController->runAction()
#6 /var/www/html/yii/framework/web/CController.php(265): SiteController->runActionWithFilters()
#7 /var/www/html/yii/framework/web/CWebApplication.php(282): SiteController->run()
#8 /var/www/html/yii/framework/web/CWebApplication.php(141): CWebApplication->runController()
#9 /var/www/html/yii/framework/base/CApplication.php(169): CWebApplication->processRequest()
#10 /var/www/html/social/index.php(13): CWebApplication->run()
REQUEST_URI=/social/index.php?r=site/login
in /var/www/html/social/protected/views/site/login.php (37)
in /var/www/html/social/protected/controllers/SiteController.php (106)
in /var/www/html/social/index.php (13)
2016/08/11 13:15:53 [error] [php] Object of class CActiveForm could not be converted to string (/var/www/html/social/protected/views/site/login.php:37)
Stack trace:
#0 /var/www/html/yii/framework/web/CController.php(869): SiteController->renderFile()
#1 /var/www/html/yii/framework/web/CController.php(782): SiteController->renderPartial()
#2 /var/www/html/social/protected/controllers/SiteController.php(106): SiteController->render()
#3 /var/www/html/yii/framework/web/actions/CInlineAction.php(49): SiteController->actionLogin()
#4 /var/www/html/yii/framework/web/CController.php(308): CInlineAction->runWithParams()
#5 /var/www/html/yii/framework/web/CController.php(286): SiteController->runAction()
#6 /var/www/html/yii/framework/web/CController.php(265): SiteController->runActionWithFilters()
#7 /var/www/html/yii/framework/web/CWebApplication.php(282): SiteController->run()
#8 /var/www/html/yii/framework/web/CWebApplication.php(141): CWebApplication->runController()
#9 /var/www/html/yii/framework/base/CApplication.php(169): CWebApplication->processRequest()
#10 /var/www/html/social/index.php(13): CWebApplication->run()
REQUEST_URI=/social/index.php?r=site/login
in /var/www/html/social/protected/views/site/login.php (37)
in /var/www/html/social/protected/controllers/SiteController.php (106)
in /var/www/html/social/index.php (13)
2016/08/11 13:15:55 [error] [php] Object of class CActiveForm could not be converted to string (/var/www/html/social/protected/views/site/login.php:37)
Stack trace:
#0 /var/www/html/yii/framework/web/CController.php(869): SiteController->renderFile()
#1 /var/www/html/yii/framework/web/CController.php(782): SiteController->renderPartial()
#2 /var/www/html/social/protected/controllers/SiteController.php(106): SiteController->render()
#3 /var/www/html/yii/framework/web/actions/CInlineAction.php(49): SiteController->actionLogin()
#4 /var/www/html/yii/framework/web/CController.php(308): CInlineAction->runWithParams()
#5 /var/www/html/yii/framework/web/CController.php(286): SiteController->runAction()
#6 /var/www/html/yii/framework/web/CController.php(265): SiteController->runActionWithFilters()
#7 /var/www/html/yii/framework/web/CWebApplication.php(282): SiteController->run()
#8 /var/www/html/yii/framework/web/CWebApplication.php(141): CWebApplication->runController()
#9 /var/www/html/yii/framework/base/CApplication.php(169): CWebApplication->processRequest()
#10 /var/www/html/social/index.php(13): CWebApplication->run()
REQUEST_URI=/social/index.php?r=site/login
in /var/www/html/social/protected/views/site/login.php (37)
in /var/www/html/social/protected/controllers/SiteController.php (106)
in /var/www/html/social/index.php (13)
2016/08/11 13:36:09 [error] [exception.CException] exception 'CException' with message 'Property "LoginForm.first_name" is not defined.' in /var/www/html/yii/framework/base/CComponent.php:130
Stack trace:
#0 /var/www/html/yii/framework/web/helpers/CHtml.php(2255): CComponent->__get('first_name')
#1 /var/www/html/yii/framework/web/helpers/CHtml.php(1980): CHtml::resolveValue(Object(LoginForm), 'first_name')
#2 /var/www/html/yii/framework/web/helpers/CHtml.php(1257): CHtml::activeInputField('text', Object(LoginForm), 'first_name', Array)
#3 /var/www/html/yii/framework/web/widgets/CActiveForm.php(657): CHtml::activeTextField(Object(LoginForm), 'first_name', Array)
#4 /var/www/html/social/protected/views/site/login.php(91): CActiveForm->textField(Object(LoginForm), 'first_name', Array)
#5 /var/www/html/yii/framework/web/CBaseController.php(126): require('/var/www/html/s...')
#6 /var/www/html/yii/framework/web/CBaseController.php(95): CBaseController->renderInternal('/var/www/html/s...', Array, true)
#7 /var/www/html/yii/framework/web/CController.php(869): CBaseController->renderFile('/var/www/html/s...', Array, true)
#8 /var/www/html/yii/framework/web/CController.php(782): CController->renderPartial('login', Array, true)
#9 /var/www/html/social/protected/controllers/SiteController.php(106): CController->render('login', Array)
#10 /var/www/html/yii/framework/web/actions/CInlineAction.php(49): SiteController->actionLogin()
#11 /var/www/html/yii/framework/web/CController.php(308): CInlineAction->runWithParams(Array)
#12 /var/www/html/yii/framework/web/CController.php(286): CController->runAction(Object(CInlineAction))
#13 /var/www/html/yii/framework/web/CController.php(265): CController->runActionWithFilters(Object(CInlineAction), Array)
#14 /var/www/html/yii/framework/web/CWebApplication.php(282): CController->run('login')
#15 /var/www/html/yii/framework/web/CWebApplication.php(141): CWebApplication->runController('site/login')
#16 /var/www/html/yii/framework/base/CApplication.php(169): CWebApplication->processRequest()
#17 /var/www/html/social/index.php(13): CApplication->run()
#18 {main}
REQUEST_URI=/social/index.php?r=site/login
---
2016/08/12 17:35:32 [error] [php] Non-static method Account::getAccount() should not be called statically, assuming $this from incompatible context (C:\wamp\www\social\protected\views\account\_form.php:19)
Stack trace:
#0 C:\wamp\www\yii\framework\web\CController.php(869): AccountController->renderFile()
#1 C:\wamp\www\social\protected\views\account\create.php(18): AccountController->renderPartial()
#2 C:\wamp\www\yii\framework\web\CBaseController.php(126): require()
#3 C:\wamp\www\yii\framework\web\CBaseController.php(95): AccountController->renderInternal()
#4 C:\wamp\www\yii\framework\web\CController.php(869): AccountController->renderFile()
#5 C:\wamp\www\yii\framework\web\CController.php(782): AccountController->renderPartial()
#6 C:\wamp\www\social\protected\controllers\AccountController.php(79): AccountController->render()
#7 C:\wamp\www\yii\framework\web\actions\CInlineAction.php(49): AccountController->actionCreate()
#8 C:\wamp\www\yii\framework\web\CController.php(308): CInlineAction->runWithParams()
#9 C:\wamp\www\yii\framework\web\filters\CFilterChain.php(133): AccountController->runAction()
#10 C:\wamp\www\yii\framework\web\filters\CFilter.php(40): CFilterChain->run()
#11 C:\wamp\www\yii\framework\web\CController.php(1145): CAccessControlFilter->filter()
#12 C:\wamp\www\yii\framework\web\filters\CInlineFilter.php(58): AccountController->filterAccessControl()
#13 C:\wamp\www\yii\framework\web\filters\CFilterChain.php(130): CInlineFilter->filter()
#14 C:\wamp\www\yii\framework\web\CController.php(291): CFilterChain->run()
#15 C:\wamp\www\yii\framework\web\CController.php(265): AccountController->runActionWithFilters()
#16 C:\wamp\www\yii\framework\web\CWebApplication.php(282): AccountController->run()
#17 C:\wamp\www\yii\framework\web\CWebApplication.php(141): CWebApplication->runController()
#18 C:\wamp\www\yii\framework\base\CApplication.php(169): CWebApplication->processRequest()
#19 C:\wamp\www\social\index.php(13): CWebApplication->run()
REQUEST_URI=/social/index.php?r=account/create
in C:\wamp\www\social\protected\views\account\_form.php (19)
in C:\wamp\www\social\protected\views\account\create.php (18)
in C:\wamp\www\social\protected\controllers\AccountController.php (79)
2016/08/13 06:57:33 [error] [exception.CHttpException.403] exception 'CHttpException' with message 'You are not authorized to perform this action.' in C:\wamp\www\yii\framework\web\auth\CAccessControlFilter.php:179
Stack trace:
#0 C:\wamp\www\yii\framework\web\auth\CAccessControlFilter.php(142): CAccessControlFilter->accessDenied(Object(CWebUser), 'You are not aut...')
#1 C:\wamp\www\yii\framework\web\filters\CFilter.php(38): CAccessControlFilter->preFilter(Object(CFilterChain))
#2 C:\wamp\www\yii\framework\web\CController.php(1145): CFilter->filter(Object(CFilterChain))
#3 C:\wamp\www\yii\framework\web\filters\CInlineFilter.php(58): CController->filterAccessControl(Object(CFilterChain))
#4 C:\wamp\www\yii\framework\web\filters\CFilterChain.php(130): CInlineFilter->filter(Object(CFilterChain))
#5 C:\wamp\www\yii\framework\web\CController.php(291): CFilterChain->run()
#6 C:\wamp\www\yii\framework\web\CController.php(265): CController->runActionWithFilters(Object(CInlineAction), Array)
#7 C:\wamp\www\yii\framework\web\CWebApplication.php(282): CController->run('facebook')
#8 C:\wamp\www\yii\framework\web\CWebApplication.php(141): CWebApplication->runController('account/faceboo...')
#9 C:\wamp\www\yii\framework\base\CApplication.php(169): CWebApplication->processRequest()
#10 C:\wamp\www\social\index.php(13): CApplication->run()
#11 {main}
REQUEST_URI=/social/index.php?r=account/facebook
---
2016/08/13 06:58:12 [error] [exception.Facebook\Exceptions\FacebookSDKException] exception 'Facebook\Exceptions\FacebookSDKException' with message 'Required "app_id" key not supplied in config and could not find fallback environment variable "FACEBOOK_APP_ID"' in C:\wamp\www\social\facebook-php-sdk-v5\src\Facebook\Facebook.php:133
Stack trace:
#0 C:\wamp\www\social\protected\controllers\AccountController.php(131): Facebook\Facebook->__construct(Array)
#1 C:\wamp\www\yii\framework\web\actions\CInlineAction.php(49): AccountController->actionFacebook()
#2 C:\wamp\www\yii\framework\web\CController.php(308): CInlineAction->runWithParams(Array)
#3 C:\wamp\www\yii\framework\web\filters\CFilterChain.php(133): CController->runAction(Object(CInlineAction))
#4 C:\wamp\www\yii\framework\web\filters\CFilter.php(40): CFilterChain->run()
#5 C:\wamp\www\yii\framework\web\CController.php(1145): CFilter->filter(Object(CFilterChain))
#6 C:\wamp\www\yii\framework\web\filters\CInlineFilter.php(58): CController->filterAccessControl(Object(CFilterChain))
#7 C:\wamp\www\yii\framework\web\filters\CFilterChain.php(130): CInlineFilter->filter(Object(CFilterChain))
#8 C:\wamp\www\yii\framework\web\CController.php(291): CFilterChain->run()
#9 C:\wamp\www\yii\framework\web\CController.php(265): CController->runActionWithFilters(Object(CInlineAction), Array)
#10 C:\wamp\www\yii\framework\web\CWebApplication.php(282): CController->run('facebook')
#11 C:\wamp\www\yii\framework\web\CWebApplication.php(141): CWebApplication->runController('account/faceboo...')
#12 C:\wamp\www\yii\framework\base\CApplication.php(169): CWebApplication->processRequest()
#13 C:\wamp\www\social\index.php(13): CApplication->run()
#14 {main}
REQUEST_URI=/social/index.php?r=account/facebook
---
2016/08/12 21:07:29 [error] [exception.CHttpException.404] exception 'CHttpException' with message 'The system is unable to find the requested action "fblink".' in C:\wamp\www\yii\framework\web\CController.php:483
Stack trace:
#0 C:\wamp\www\yii\framework\web\CController.php(270): CController->missingAction('fblink')
#1 C:\wamp\www\yii\framework\web\CWebApplication.php(282): CController->run('fblink')
#2 C:\wamp\www\yii\framework\web\CWebApplication.php(141): CWebApplication->runController('site/fblink')
#3 C:\wamp\www\yii\framework\base\CApplication.php(169): CWebApplication->processRequest()
#4 C:\wamp\www\social\index.php(13): CApplication->run()
#5 {main}
REQUEST_URI=/social/index.php?r=site%2Ffblink&error_code=1349048&error_message=Can%27t+Load+URL%3A+The+domain+of+this+URL+isn%27t+included+in+the+app%27s+domains.+To+be+able+to+load+this+URL%2C+add+all+domains+and+subdomains+of+your+app+to+the+App+Domains+field+in+your+app+settings.&state=59c9f859d9b21b9bfbc66d3e85d42447
---
2016/08/12 21:08:18 [error] [exception.CHttpException.404] exception 'CHttpException' with message 'The system is unable to find the requested action "fblink".' in C:\wamp\www\yii\framework\web\CController.php:483
Stack trace:
#0 C:\wamp\www\yii\framework\web\CController.php(270): CController->missingAction('fblink')
#1 C:\wamp\www\yii\framework\web\CWebApplication.php(282): CController->run('fblink')
#2 C:\wamp\www\yii\framework\web\CWebApplication.php(141): CWebApplication->runController('site/fblink')
#3 C:\wamp\www\yii\framework\base\CApplication.php(169): CWebApplication->processRequest()
#4 C:\wamp\www\social\index.php(13): CApplication->run()
#5 {main}
REQUEST_URI=/social/index.php?r=site/fblink
---
2016/08/12 21:08:52 [error] [exception.CHttpException.404] exception 'CHttpException' with message 'The system is unable to find the requested action "fblink".' in C:\wamp\www\yii\framework\web\CController.php:483
Stack trace:
#0 C:\wamp\www\yii\framework\web\CController.php(270): CController->missingAction('fblink')
#1 C:\wamp\www\yii\framework\web\CWebApplication.php(282): CController->run('fblink')
#2 C:\wamp\www\yii\framework\web\CWebApplication.php(141): CWebApplication->runController('site/fblink')
#3 C:\wamp\www\yii\framework\base\CApplication.php(169): CWebApplication->processRequest()
#4 C:\wamp\www\social\index.php(13): CApplication->run()
#5 {main}
REQUEST_URI=/social/index.php?r=site/fblink
---
2016/08/12 21:09:13 [error] [exception.CHttpException.404] exception 'CHttpException' with message 'The system is unable to find the requested action "fblink".' in C:\wamp\www\yii\framework\web\CController.php:483
Stack trace:
#0 C:\wamp\www\yii\framework\web\CController.php(270): CController->missingAction('fblink')
#1 C:\wamp\www\yii\framework\web\CWebApplication.php(282): CController->run('fblink')
#2 C:\wamp\www\yii\framework\web\CWebApplication.php(141): CWebApplication->runController('site/fblink')
#3 C:\wamp\www\yii\framework\base\CApplication.php(169): CWebApplication->processRequest()
#4 C:\wamp\www\social\index.php(13): CApplication->run()
#5 {main}
REQUEST_URI=/social/index.php?r=site/fblink
---
2016/08/12 21:09:50 [error] [exception.CHttpException.404] exception 'CHttpException' with message 'The system is unable to find the requested action "fblink".' in C:\wamp\www\yii\framework\web\CController.php:483
Stack trace:
#0 C:\wamp\www\yii\framework\web\CController.php(270): CController->missingAction('fblink')
#1 C:\wamp\www\yii\framework\web\CWebApplication.php(282): CController->run('fblink')
#2 C:\wamp\www\yii\framework\web\CWebApplication.php(141): CWebApplication->runController('site/fblink')
#3 C:\wamp\www\yii\framework\base\CApplication.php(169): CWebApplication->processRequest()
#4 C:\wamp\www\social\index.php(13): CApplication->run()
#5 {main}
REQUEST_URI=/social/index.php?r=site/fblink
---
2016/08/12 21:09:54 [error] [exception.CHttpException.404] exception 'CHttpException' with message 'The system is unable to find the requested action "link".' in C:\wamp\www\yii\framework\web\CController.php:483
Stack trace:
#0 C:\wamp\www\yii\framework\web\CController.php(270): CController->missingAction('link')
#1 C:\wamp\www\yii\framework\web\CWebApplication.php(282): CController->run('link')
#2 C:\wamp\www\yii\framework\web\CWebApplication.php(141): CWebApplication->runController('site/link')
#3 C:\wamp\www\yii\framework\base\CApplication.php(169): CWebApplication->processRequest()
#4 C:\wamp\www\social\index.php(13): CApplication->run()
#5 {main}
REQUEST_URI=/social/index.php?r=site/link
---
2016/08/12 21:10:05 [error] [exception.CHttpException.404] exception 'CHttpException' with message 'The system is unable to find the requested action "link".' in C:\wamp\www\yii\framework\web\CController.php:483
Stack trace:
#0 C:\wamp\www\yii\framework\web\CController.php(270): CController->missingAction('link')
#1 C:\wamp\www\yii\framework\web\CWebApplication.php(282): CController->run('link')
#2 C:\wamp\www\yii\framework\web\CWebApplication.php(141): CWebApplication->runController('site/link')
#3 C:\wamp\www\yii\framework\base\CApplication.php(169): CWebApplication->processRequest()
#4 C:\wamp\www\social\index.php(13): CApplication->run()
#5 {main}
REQUEST_URI=/social/index.php?r=site/link
---
2016/08/12 21:10:32 [error] [exception.CHttpException.404] exception 'CHttpException' with message 'The system is unable to find the requested action "link".' in C:\wamp\www\yii\framework\web\CController.php:483
Stack trace:
#0 C:\wamp\www\yii\framework\web\CController.php(270): CController->missingAction('link')
#1 C:\wamp\www\yii\framework\web\CWebApplication.php(282): CController->run('link')
#2 C:\wamp\www\yii\framework\web\CWebApplication.php(141): CWebApplication->runController('site/link')
#3 C:\wamp\www\yii\framework\base\CApplication.php(169): CWebApplication->processRequest()
#4 C:\wamp\www\social\index.php(13): CApplication->run()
#5 {main}
REQUEST_URI=/social/index.php?r=site/link
---
2016/08/12 21:19:38 [error] [exception.CHttpException.404] exception 'CHttpException' with message 'The system is unable to find the requested action "post".' in C:\wamp\www\yii\framework\web\CController.php:483
Stack trace:
#0 C:\wamp\www\yii\framework\web\CController.php(270): CController->missingAction('post')
#1 C:\wamp\www\yii\framework\web\CWebApplication.php(282): CController->run('post')
#2 C:\wamp\www\yii\framework\web\CWebApplication.php(141): CWebApplication->runController('account/post')
#3 C:\wamp\www\yii\framework\base\CApplication.php(169): CWebApplication->processRequest()
#4 C:\wamp\www\social\index.php(13): CApplication->run()
#5 {main}
REQUEST_URI=/social/index.php?r=account/post
---
2016/08/13 08:45:46 [error] [php] Argument 1 passed to Facebook\FacebookRequest::__construct() must be an instance of Facebook\FacebookApp, instance of Facebook\Facebook given, called in C:\wamp\www\social\protected\controllers\AccountController.php on line 202 and defined (C:\wamp\www\social\facebook-php-sdk-v5\src\Facebook\FacebookRequest.php:97)
Stack trace:
#0 C:\wamp\www\yii\framework\web\CController.php(308): CInlineAction->runWithParams()
#1 C:\wamp\www\yii\framework\web\filters\CFilterChain.php(133): AccountController->runAction()
#2 C:\wamp\www\yii\framework\web\filters\CFilter.php(40): CFilterChain->run()
#3 C:\wamp\www\yii\framework\web\CController.php(1145): CAccessControlFilter->filter()
#4 C:\wamp\www\yii\framework\web\filters\CInlineFilter.php(58): AccountController->filterAccessControl()
#5 C:\wamp\www\yii\framework\web\filters\CFilterChain.php(130): CInlineFilter->filter()
#6 C:\wamp\www\yii\framework\web\CController.php(291): CFilterChain->run()
#7 C:\wamp\www\yii\framework\web\CController.php(265): AccountController->runActionWithFilters()
#8 C:\wamp\www\yii\framework\web\CWebApplication.php(282): AccountController->run()
#9 C:\wamp\www\yii\framework\web\CWebApplication.php(141): CWebApplication->runController()
#10 C:\wamp\www\yii\framework\base\CApplication.php(169): CWebApplication->processRequest()
#11 C:\wamp\www\social\index.php(13): CWebApplication->run()
REQUEST_URI=/social/index.php?r=account/fbfeeds
in C:\wamp\www\social\facebook-php-sdk-v5\src\Facebook\FacebookRequest.php (97)
in C:\wamp\www\social\protected\controllers\AccountController.php (202)
in C:\wamp\www\social\index.php (13)
2016/08/13 08:51:48 [error] [php] include(FacebookRequest.php): failed to open stream: No such file or directory (C:\wamp\www\yii\framework\YiiBase.php:421)
Stack trace:
#0 C:\wamp\www\social\protected\controllers\AccountController.php(200): spl_autoload_call()
#1 C:\wamp\www\yii\framework\web\actions\CInlineAction.php(49): AccountController->actionfbfeeds()
#2 C:\wamp\www\yii\framework\web\CController.php(308): CInlineAction->runWithParams()
#3 C:\wamp\www\yii\framework\web\filters\CFilterChain.php(133): AccountController->runAction()
#4 C:\wamp\www\yii\framework\web\filters\CFilter.php(40): CFilterChain->run()
#5 C:\wamp\www\yii\framework\web\CController.php(1145): CAccessControlFilter->filter()
#6 C:\wamp\www\yii\framework\web\filters\CInlineFilter.php(58): AccountController->filterAccessControl()
#7 C:\wamp\www\yii\framework\web\filters\CFilterChain.php(130): CInlineFilter->filter()
#8 C:\wamp\www\yii\framework\web\CController.php(291): CFilterChain->run()
#9 C:\wamp\www\yii\framework\web\CController.php(265): AccountController->runActionWithFilters()
#10 C:\wamp\www\yii\framework\web\CWebApplication.php(282): AccountController->run()
#11 C:\wamp\www\yii\framework\web\CWebApplication.php(141): CWebApplication->runController()
#12 C:\wamp\www\yii\framework\base\CApplication.php(169): CWebApplication->processRequest()
#13 C:\wamp\www\social\index.php(13): CWebApplication->run()
REQUEST_URI=/social/index.php?r=account/fbfeeds
in C:\wamp\www\social\protected\controllers\AccountController.php (200)
in C:\wamp\www\social\index.php (13)
2016/08/13 08:55:39 [error] [exception.Facebook\Exceptions\FacebookSDKException] exception 'Facebook\Exceptions\FacebookSDKException' with message 'Unable to convert response from Graph to a GraphNode because the response looks like a GraphEdge. Try using GraphNodeFactory::makeGraphEdge() instead.' in C:\wamp\www\social\facebook-php-sdk-v5\src\Facebook\GraphNodes\GraphNodeFactory.php:224
Stack trace:
#0 C:\wamp\www\social\facebook-php-sdk-v5\src\Facebook\GraphNodes\GraphNodeFactory.php(93): Facebook\GraphNodes\GraphNodeFactory->validateResponseCastableAsGraphNode()
#1 C:\wamp\www\social\facebook-php-sdk-v5\src\Facebook\FacebookResponse.php(289): Facebook\GraphNodes\GraphNodeFactory->makeGraphNode(NULL)
#2 C:\wamp\www\social\facebook-php-sdk-v5\src\Facebook\FacebookResponse.php(273): Facebook\FacebookResponse->getGraphNode(NULL)
#3 C:\wamp\www\social\protected\controllers\AccountController.php(216): Facebook\FacebookResponse->getGraphObject()
#4 C:\wamp\www\yii\framework\web\actions\CInlineAction.php(49): AccountController->actionfbfeeds()
#5 C:\wamp\www\yii\framework\web\CController.php(308): CInlineAction->runWithParams(Array)
#6 C:\wamp\www\yii\framework\web\filters\CFilterChain.php(133): CController->runAction(Object(CInlineAction))
#7 C:\wamp\www\yii\framework\web\filters\CFilter.php(40): CFilterChain->run()
#8 C:\wamp\www\yii\framework\web\CController.php(1145): CFilter->filter(Object(CFilterChain))
#9 C:\wamp\www\yii\framework\web\filters\CInlineFilter.php(58): CController->filterAccessControl(Object(CFilterChain))
#10 C:\wamp\www\yii\framework\web\filters\CFilterChain.php(130): CInlineFilter->filter(Object(CFilterChain))
#11 C:\wamp\www\yii\framework\web\CController.php(291): CFilterChain->run()
#12 C:\wamp\www\yii\framework\web\CController.php(265): CController->runActionWithFilters(Object(CInlineAction), Array)
#13 C:\wamp\www\yii\framework\web\CWebApplication.php(282): CController->run('fbfeeds')
#14 C:\wamp\www\yii\framework\web\CWebApplication.php(141): CWebApplication->runController('account/fbfeeds')
#15 C:\wamp\www\yii\framework\base\CApplication.php(169): CWebApplication->processRequest()
#16 C:\wamp\www\social\index.php(13): CApplication->run()
#17 {main}
REQUEST_URI=/social/index.php?r=account/fbfeeds
---
2016/08/13 08:58:20 [error] [exception.Facebook\Exceptions\FacebookSDKException] exception 'Facebook\Exceptions\FacebookSDKException' with message 'Unable to convert response from Graph to a GraphNode because the response looks like a GraphEdge. Try using GraphNodeFactory::makeGraphEdge() instead.' in C:\wamp\www\social\facebook-php-sdk-v5\src\Facebook\GraphNodes\GraphNodeFactory.php:224
Stack trace:
#0 C:\wamp\www\social\facebook-php-sdk-v5\src\Facebook\GraphNodes\GraphNodeFactory.php(93): Facebook\GraphNodes\GraphNodeFactory->validateResponseCastableAsGraphNode()
#1 C:\wamp\www\social\facebook-php-sdk-v5\src\Facebook\FacebookResponse.php(289): Facebook\GraphNodes\GraphNodeFactory->makeGraphNode(NULL)
#2 C:\wamp\www\social\protected\controllers\AccountController.php(215): Facebook\FacebookResponse->getGraphNode()
#3 C:\wamp\www\yii\framework\web\actions\CInlineAction.php(49): AccountController->actionfbfeeds()
#4 C:\wamp\www\yii\framework\web\CController.php(308): CInlineAction->runWithParams(Array)
#5 C:\wamp\www\yii\framework\web\filters\CFilterChain.php(133): CController->runAction(Object(CInlineAction))
#6 C:\wamp\www\yii\framework\web\filters\CFilter.php(40): CFilterChain->run()
#7 C:\wamp\www\yii\framework\web\CController.php(1145): CFilter->filter(Object(CFilterChain))
#8 C:\wamp\www\yii\framework\web\filters\CInlineFilter.php(58): CController->filterAccessControl(Object(CFilterChain))
#9 C:\wamp\www\yii\framework\web\filters\CFilterChain.php(130): CInlineFilter->filter(Object(CFilterChain))
#10 C:\wamp\www\yii\framework\web\CController.php(291): CFilterChain->run()
#11 C:\wamp\www\yii\framework\web\CController.php(265): CController->runActionWithFilters(Object(CInlineAction), Array)
#12 C:\wamp\www\yii\framework\web\CWebApplication.php(282): CController->run('fbfeeds')
#13 C:\wamp\www\yii\framework\web\CWebApplication.php(141): CWebApplication->runController('account/fbfeeds')
#14 C:\wamp\www\yii\framework\base\CApplication.php(169): CWebApplication->processRequest()
#15 C:\wamp\www\social\index.php(13): CApplication->run()
#16 {main}
REQUEST_URI=/social/index.php?r=account/fbfeeds
---
2016/08/13 08:58:34 [error] [exception.Facebook\Exceptions\FacebookSDKException] exception 'Facebook\Exceptions\FacebookSDKException' with message 'Unable to convert response from Graph to a GraphNode because the response looks like a GraphEdge. Try using GraphNodeFactory::makeGraphEdge() instead.' in C:\wamp\www\social\facebook-php-sdk-v5\src\Facebook\GraphNodes\GraphNodeFactory.php:224
Stack trace:
#0 C:\wamp\www\social\facebook-php-sdk-v5\src\Facebook\GraphNodes\GraphNodeFactory.php(93): Facebook\GraphNodes\GraphNodeFactory->validateResponseCastableAsGraphNode()
#1 C:\wamp\www\social\facebook-php-sdk-v5\src\Facebook\FacebookResponse.php(289): Facebook\GraphNodes\GraphNodeFactory->makeGraphNode(NULL)
#2 C:\wamp\www\social\protected\controllers\AccountController.php(215): Facebook\FacebookResponse->getGraphNode()
#3 C:\wamp\www\yii\framework\web\actions\CInlineAction.php(49): AccountController->actionfbfeeds()
#4 C:\wamp\www\yii\framework\web\CController.php(308): CInlineAction->runWithParams(Array)
#5 C:\wamp\www\yii\framework\web\filters\CFilterChain.php(133): CController->runAction(Object(CInlineAction))
#6 C:\wamp\www\yii\framework\web\filters\CFilter.php(40): CFilterChain->run()
#7 C:\wamp\www\yii\framework\web\CController.php(1145): CFilter->filter(Object(CFilterChain))
#8 C:\wamp\www\yii\framework\web\filters\CInlineFilter.php(58): CController->filterAccessControl(Object(CFilterChain))
#9 C:\wamp\www\yii\framework\web\filters\CFilterChain.php(130): CInlineFilter->filter(Object(CFilterChain))
#10 C:\wamp\www\yii\framework\web\CController.php(291): CFilterChain->run()
#11 C:\wamp\www\yii\framework\web\CController.php(265): CController->runActionWithFilters(Object(CInlineAction), Array)
#12 C:\wamp\www\yii\framework\web\CWebApplication.php(282): CController->run('fbfeeds')
#13 C:\wamp\www\yii\framework\web\CWebApplication.php(141): CWebApplication->runController('account/fbfeeds')
#14 C:\wamp\www\yii\framework\base\CApplication.php(169): CWebApplication->processRequest()
#15 C:\wamp\www\social\index.php(13): CApplication->run()
#16 {main}
REQUEST_URI=/social/index.php?r=account/fbfeeds
---
2016/08/13 09:32:30 [error] [php] Undefined index: items (C:\wamp\www\social\facebook-php-sdk-v5\src\Facebook\GraphNodes\Collection.php:201)
Stack trace:
#0 C:\wamp\www\yii\framework\web\CBaseController.php(95): AccountController->renderInternal()
#1 C:\wamp\www\yii\framework\web\CController.php(869): AccountController->renderFile()
#2 C:\wamp\www\yii\framework\web\CController.php(782): AccountController->renderPartial()
#3 C:\wamp\www\social\protected\controllers\AccountController.php(219): AccountController->render()
#4 C:\wamp\www\yii\framework\web\actions\CInlineAction.php(49): AccountController->actionfbfeeds()
#5 C:\wamp\www\yii\framework\web\CController.php(308): CInlineAction->runWithParams()
#6 C:\wamp\www\yii\framework\web\filters\CFilterChain.php(133): AccountController->runAction()
#7 C:\wamp\www\yii\framework\web\filters\CFilter.php(40): CFilterChain->run()
#8 C:\wamp\www\yii\framework\web\CController.php(1145): CAccessControlFilter->filter()
#9 C:\wamp\www\yii\framework\web\filters\CInlineFilter.php(58): AccountController->filterAccessControl()
#10 C:\wamp\www\yii\framework\web\filters\CFilterChain.php(130): CInlineFilter->filter()
#11 C:\wamp\www\yii\framework\web\CController.php(291): CFilterChain->run()
#12 C:\wamp\www\yii\framework\web\CController.php(265): AccountController->runActionWithFilters()
#13 C:\wamp\www\yii\framework\web\CWebApplication.php(282): AccountController->run()
#14 C:\wamp\www\yii\framework\web\CWebApplication.php(141): CWebApplication->runController()
#15 C:\wamp\www\yii\framework\base\CApplication.php(169): CWebApplication->processRequest()
#16 C:\wamp\www\social\index.php(13): CWebApplication->run()
REQUEST_URI=/social/index.php?r=account/fbfeeds
in C:\wamp\www\social\facebook-php-sdk-v5\src\Facebook\GraphNodes\Collection.php (201)
in C:\wamp\www\social\protected\views\account\feeds.php (10)
in C:\wamp\www\social\protected\controllers\AccountController.php (219)
2016/08/13 09:32:54 [error] [php] Undefined index: story (C:\wamp\www\social\facebook-php-sdk-v5\src\Facebook\GraphNodes\Collection.php:201)
Stack trace:
#0 C:\wamp\www\yii\framework\web\CBaseController.php(95): AccountController->renderInternal()
#1 C:\wamp\www\yii\framework\web\CController.php(869): AccountController->renderFile()
#2 C:\wamp\www\yii\framework\web\CController.php(782): AccountController->renderPartial()
#3 C:\wamp\www\social\protected\controllers\AccountController.php(219): AccountController->render()
#4 C:\wamp\www\yii\framework\web\actions\CInlineAction.php(49): AccountController->actionfbfeeds()
#5 C:\wamp\www\yii\framework\web\CController.php(308): CInlineAction->runWithParams()
#6 C:\wamp\www\yii\framework\web\filters\CFilterChain.php(133): AccountController->runAction()
#7 C:\wamp\www\yii\framework\web\filters\CFilter.php(40): CFilterChain->run()
#8 C:\wamp\www\yii\framework\web\CController.php(1145): CAccessControlFilter->filter()
#9 C:\wamp\www\yii\framework\web\filters\CInlineFilter.php(58): AccountController->filterAccessControl()
#10 C:\wamp\www\yii\framework\web\filters\CFilterChain.php(130): CInlineFilter->filter()
#11 C:\wamp\www\yii\framework\web\CController.php(291): CFilterChain->run()
#12 C:\wamp\www\yii\framework\web\CController.php(265): AccountController->runActionWithFilters()
#13 C:\wamp\www\yii\framework\web\CWebApplication.php(282): AccountController->run()
#14 C:\wamp\www\yii\framework\web\CWebApplication.php(141): CWebApplication->runController()
#15 C:\wamp\www\yii\framework\base\CApplication.php(169): CWebApplication->processRequest()
#16 C:\wamp\www\social\index.php(13): CWebApplication->run()
REQUEST_URI=/social/index.php?r=account/fbfeeds
in C:\wamp\www\social\facebook-php-sdk-v5\src\Facebook\GraphNodes\Collection.php (201)
in C:\wamp\www\social\protected\views\account\feeds.php (10)
in C:\wamp\www\social\protected\controllers\AccountController.php (219)
